Arguments: 
  C:\Program Files\nodejs\node.exe C:\Program Files (x86)\Yarn\bin\yarn.js start

PATH: 
  C:\WINDOWS\system32;C:\WINDOWS;C:\WINDOWS\System32\Wbem;C:\WINDOWS\System32\WindowsPowerShell\v1.0\;C:\WINDOWS\System32\OpenSSH\;C:\Program Files\Git\cmd;C:\Program Files\nodejs\;C:\Program Files\Amazon\AWSCLIV2\;C:\Program Files\PuTTY\;C:\Program Files\dotnet\;C:\Program Files\Microsoft SQL Server\130\Tools\Binn\;C:\Program Files\Microsoft SQL Server\Client SDK\ODBC\170\Tools\Binn\;C:\Go\bin;C:\Program Files\erl10.3\bin;C:\Program Files (x86)\Elixir\bin;C:\Users\willy\.mix\escripts;C:\ProgramData\chocolatey\bin;C:\Program Files (x86)\Yarn\bin\;C:\RailsInstaller\Git\cmd;C:\RailsInstaller\Ruby2.3.3\bin;C:\Users\willy\AppData\Local\Programs\AdoptOpenJDK\jdk-11.0.8.10-hotspot\bin;C:\Ruby26-x64\bin;C:\Users\willy\AppData\Local\Microsoft\WindowsApps;C:\Users\willy\AppData\Local\Programs\Microsoft VS Code\bin;C:\Users\willy\AppData\Local\GitHubDesktop\bin;C:\Users\willy\AppData\Roaming\npm;C:\Users\willy\.dotnet\tools;C:\Users\willy\go\bin;C:\Users\willy\AppData\Local\Yarn\bin;C:\Program Files\heroku\bin

Yarn version: 
  1.22.5

Node version: 
  12.18.3

Platform: 
  win32 x64

Trace: 
  SyntaxError: C:\Users\willy\Desktop\Rocket_Elevators_GraphQL\package.json: Unexpected token } in JSON at position 555
      at JSON.parse (<anonymous>)
      at C:\Program Files (x86)\Yarn\lib\cli.js:1625:59
      at Generator.next (<anonymous>)
      at step (C:\Program Files (x86)\Yarn\lib\cli.js:310:30)
      at C:\Program Files (x86)\Yarn\lib\cli.js:321:13

npm manifest: 
  {
    "name": "myapi",
    "version": "0.0.1",
    "devDependencies": {
      "@types/express": "^4.17.2",
      "@types/node": "^12.12.8",
      "nodemon": "^1.19.4",
      "ts-node": "8.5.2",
      "typescript": "3.7.2"
    },
    "dependencies": {
      "apollo-server-express": "^2.9.9",
      "express": "^4.17.1",
      "graphql": "^14.5.8",
      "mysql": "^2.18.1",
      "pg": "^8.5.0",
      "reflect-metadata": "^0.1.10",
      "sqlite3": "^4.1.0",
      "type-graphql": "^0.17.5",
      "typeorm": "0.2.20"
    },
    "scripts": {
      "start": "nodemon --exec ts-node src/index.ts",
    },
    "engines": {
      "node": "12.x"
    }
  }

yarn manifest: 
  No manifest

Lockfile: 
  No lockfile
